2019-04-01 01:40:52  [ main:4848 ] - [ ERROR ]  Connection Failure
2019-04-01 01:48:19  [ main:25204 ] - [ ERROR ]  Upload Failure
2019-04-01 01:49:05  [ main:84 ] - [ ERROR ]  Upload Failure
2019-04-01 01:56:09  [ main:272 ] - [ ERROR ]  Upload Failure
2019-04-01 01:56:09  [ main:402 ] - [ ERROR ]  Upload Failure
2019-04-01 01:56:09  [ main:482 ] - [ ERROR ]  Upload Failure
2019-04-01 01:56:09  [ main:499 ] - [ ERROR ]  Upload Failure
2019-04-01 01:56:09  [ main:970 ] - [ ERROR ]  Upload Failure
2019-04-01 01:56:09  [ main:996 ] - [ ERROR ]  Upload Failure
2019-04-01 01:56:09  [ main:1086 ] - [ ERROR ]  Upload Failure
2019-04-01 01:56:10  [ main:1242 ] - [ ERROR ]  Upload Failure
2019-04-01 01:56:10  [ main:1569 ] - [ ERROR ]  Upload Failure
2019-04-01 01:56:10  [ main:1658 ] - [ ERROR ]  Upload Failure
2019-04-01 01:56:10  [ main:1676 ] - [ ERROR ]  Upload Failure
2019-04-01 01:56:10  [ main:2083 ] - [ ERROR ]  Upload Failure
2019-04-01 01:56:10  [ main:2157 ] - [ ERROR ]  Upload Failure
2019-04-01 01:56:11  [ main:2597 ] - [ ERROR ]  Upload Failure
2019-04-01 01:56:11  [ main:2689 ] - [ ERROR ]  Upload Failure
2019-04-01 01:56:11  [ main:2763 ] - [ ERROR ]  Upload Failure
2019-04-01 01:56:11  [ main:2838 ] - [ ERROR ]  Upload Failure
2019-04-01 01:56:12  [ main:3222 ] - [ ERROR ]  Upload Failure
2019-04-01 01:56:12  [ main:3238 ] - [ ERROR ]  Upload Failure
2019-04-01 01:56:12  [ main:3312 ] - [ ERROR ]  Upload Failure
2019-04-01 01:56:12  [ main:3387 ] - [ ERROR ]  Upload Failure
2019-04-01 02:24:37  [ main:5499 ] - [ ERROR ]  java.io.FileNotFoundException: Workspace/FTPFile/pom.xml (No such file or directory)
2019-04-01 02:24:37  [ main:5521 ] - [ ERROR ]  java.io.FileNotFoundException: Workspace/FTPFile/src/main/java/com/CNVZ/FTP/App.java (No such file or directory)
2019-04-01 02:24:37  [ main:5523 ] - [ ERROR ]  java.io.FileNotFoundException: Workspace/FTPFile/src/main/java/com/CNVZ/FTP/FTP.java (No such file or directory)
2019-04-01 02:24:37  [ main:5523 ] - [ ERROR ]  java.io.FileNotFoundException: Workspace/FTPFile/src/main/java/com/CNVZ/FTP/FTPUtil.java (No such file or directory)
2019-04-01 02:24:37  [ main:5524 ] - [ ERROR ]  java.io.FileNotFoundException: Workspace/FTPFile/src/main/java/log4j.properties (No such file or directory)
2019-04-01 02:24:37  [ main:5552 ] - [ ERROR ]  java.io.FileNotFoundException: Workspace/FTPFile/src/test/java/com/CNVZ/FTP/AppTest.java (No such file or directory)
2019-04-01 02:24:37  [ main:5553 ] - [ ERROR ]  java.io.FileNotFoundException: Workspace/FTPFile/src/test/java/com/CNVZ/FTP/FTPTest.java (No such file or directory)
2019-04-01 02:24:37  [ main:5564 ] - [ ERROR ]  java.io.FileNotFoundException: Workspace/FTPFile/target/classes/META-INF/MANIFEST.MF (No such file or directory)
2019-04-01 02:24:37  [ main:5574 ] - [ ERROR ]  java.io.FileNotFoundException: Workspace/FTPFile/target/classes/META-INF/maven/com.CNVZ.FTP/FTPFile/pom.properties (No such file or directory)
2019-04-01 02:24:37  [ main:5575 ] - [ ERROR ]  java.io.FileNotFoundException: Workspace/FTPFile/target/classes/META-INF/maven/com.CNVZ.FTP/FTPFile/pom.xml (No such file or directory)
2019-04-01 02:24:37  [ main:5586 ] - [ ERROR ]  java.io.FileNotFoundException: Workspace/FTPFile/target/classes/com/CNVZ/FTP/App.class (No such file or directory)
2019-04-01 02:24:37  [ main:5587 ] - [ ERROR ]  java.io.FileNotFoundException: Workspace/FTPFile/target/classes/com/CNVZ/FTP/FTP.class (No such file or directory)
2019-04-01 02:24:37  [ main:5588 ] - [ ERROR ]  java.io.FileNotFoundException: Workspace/FTPFile/target/classes/com/CNVZ/FTP/FTPUtil.class (No such file or directory)
2019-04-01 02:24:37  [ main:5589 ] - [ ERROR ]  java.io.FileNotFoundException: Workspace/FTPFile/target/classes/log4j.properties (No such file or directory)
2019-04-01 02:24:37  [ main:5597 ] - [ ERROR ]  java.io.FileNotFoundException: Workspace/FTPFile/target/test-classes/com/CNVZ/FTP/AppTest.class (No such file or directory)
2019-04-01 02:24:37  [ main:5600 ] - [ ERROR ]  java.io.FileNotFoundException: Workspace/FTPFile/target/test-classes/com/CNVZ/FTP/FTPTest.class (No such file or directory)
2019-04-01 02:54:26  [ main:23 ] - [ ERROR ]  java.io.FileNotFoundException: Workspace/FTPFile/pom.xml (No such file or directory)
2019-04-01 02:54:26  [ main:52 ] - [ ERROR ]  java.io.FileNotFoundException: Workspace/FTPFile/src/main/java/com/CNVZ/FTP/App.java (No such file or directory)
2019-04-01 02:54:26  [ main:57 ] - [ ERROR ]  java.io.FileNotFoundException: Workspace/FTPFile/src/main/java/com/CNVZ/FTP/FTP.java (No such file or directory)
2019-04-01 02:54:26  [ main:58 ] - [ ERROR ]  java.io.FileNotFoundException: Workspace/FTPFile/src/main/java/com/CNVZ/FTP/FTPUtil.java (No such file or directory)
2019-04-01 02:54:26  [ main:61 ] - [ ERROR ]  java.io.FileNotFoundException: Workspace/FTPFile/src/main/java/log4j.properties (No such file or directory)
2019-04-01 02:54:26  [ main:82 ] - [ ERROR ]  java.io.FileNotFoundException: Workspace/FTPFile/src/test/java/com/CNVZ/FTP/AppTest.java (No such file or directory)
2019-04-01 02:54:26  [ main:83 ] - [ ERROR ]  java.io.FileNotFoundException: Workspace/FTPFile/src/test/java/com/CNVZ/FTP/FTPTest.java (No such file or directory)
2019-04-01 02:54:26  [ main:97 ] - [ ERROR ]  java.io.FileNotFoundException: Workspace/FTPFile/target/classes/META-INF/MANIFEST.MF (No such file or directory)
2019-04-01 02:54:26  [ main:104 ] - [ ERROR ]  java.io.FileNotFoundException: Workspace/FTPFile/target/classes/META-INF/maven/com.CNVZ.FTP/FTPFile/pom.properties (No such file or directory)
2019-04-01 02:54:26  [ main:105 ] - [ ERROR ]  java.io.FileNotFoundException: Workspace/FTPFile/target/classes/META-INF/maven/com.CNVZ.FTP/FTPFile/pom.xml (No such file or directory)
2019-04-01 02:54:26  [ main:114 ] - [ ERROR ]  java.io.FileNotFoundException: Workspace/FTPFile/target/classes/com/CNVZ/FTP/App.class (No such file or directory)
2019-04-01 02:54:26  [ main:114 ] - [ ERROR ]  java.io.FileNotFoundException: Workspace/FTPFile/target/classes/com/CNVZ/FTP/FTP.class (No such file or directory)
2019-04-01 02:54:26  [ main:121 ] - [ ERROR ]  java.io.FileNotFoundException: Workspace/FTPFile/target/classes/com/CNVZ/FTP/FTPUtil.class (No such file or directory)
2019-04-01 02:54:26  [ main:122 ] - [ ERROR ]  java.io.FileNotFoundException: Workspace/FTPFile/target/classes/log4j.properties (No such file or directory)
2019-04-01 02:54:26  [ main:132 ] - [ ERROR ]  java.io.FileNotFoundException: Workspace/FTPFile/target/test-classes/com/CNVZ/FTP/AppTest.class (No such file or directory)
2019-04-01 02:54:26  [ main:135 ] - [ ERROR ]  java.io.FileNotFoundException: Workspace/FTPFile/target/test-classes/com/CNVZ/FTP/FTPTest.class (No such file or directory)
2019-04-01 02:55:13  [ main:9867 ] - [ ERROR ]  java.io.FileNotFoundException: Workspace/FTPFile/pom.xml (No such file or directory)
2019-04-01 02:55:13  [ main:9896 ] - [ ERROR ]  java.io.FileNotFoundException: Workspace/FTPFile/src/main/java/com/CNVZ/FTP/App.java (No such file or directory)
2019-04-01 02:55:13  [ main:9899 ] - [ ERROR ]  java.io.FileNotFoundException: Workspace/FTPFile/src/main/java/com/CNVZ/FTP/FTP.java (No such file or directory)
2019-04-01 02:55:13  [ main:9901 ] - [ ERROR ]  java.io.FileNotFoundException: Workspace/FTPFile/src/main/java/com/CNVZ/FTP/FTPUtil.java (No such file or directory)
2019-04-01 02:55:13  [ main:9905 ] - [ ERROR ]  java.io.FileNotFoundException: Workspace/FTPFile/src/main/java/log4j.properties (No such file or directory)
2019-04-01 02:55:13  [ main:9940 ] - [ ERROR ]  java.io.FileNotFoundException: Workspace/FTPFile/src/test/java/com/CNVZ/FTP/AppTest.java (No such file or directory)
2019-04-01 02:55:13  [ main:9942 ] - [ ERROR ]  java.io.FileNotFoundException: Workspace/FTPFile/src/test/java/com/CNVZ/FTP/FTPTest.java (No such file or directory)
2019-04-01 02:55:13  [ main:9962 ] - [ ERROR ]  java.io.FileNotFoundException: Workspace/FTPFile/target/classes/META-INF/MANIFEST.MF (No such file or directory)
2019-04-01 02:55:13  [ main:9971 ] - [ ERROR ]  java.io.FileNotFoundException: Workspace/FTPFile/target/classes/META-INF/maven/com.CNVZ.FTP/FTPFile/pom.properties (No such file or directory)
2019-04-01 02:55:13  [ main:9972 ] - [ ERROR ]  java.io.FileNotFoundException: Workspace/FTPFile/target/classes/META-INF/maven/com.CNVZ.FTP/FTPFile/pom.xml (No such file or directory)
2019-04-01 02:55:13  [ main:9985 ] - [ ERROR ]  java.io.FileNotFoundException: Workspace/FTPFile/target/classes/com/CNVZ/FTP/App.class (No such file or directory)
2019-04-01 02:55:13  [ main:9993 ] - [ ERROR ]  java.io.FileNotFoundException: Workspace/FTPFile/target/classes/com/CNVZ/FTP/FTP.class (No such file or directory)
2019-04-01 02:55:13  [ main:9994 ] - [ ERROR ]  java.io.FileNotFoundException: Workspace/FTPFile/target/classes/com/CNVZ/FTP/FTPUtil.class (No such file or directory)
2019-04-01 02:55:13  [ main:9995 ] - [ ERROR ]  java.io.FileNotFoundException: Workspace/FTPFile/target/classes/log4j.properties (No such file or directory)
2019-04-01 02:55:13  [ main:10017 ] - [ ERROR ]  java.io.FileNotFoundException: Workspace/FTPFile/target/test-classes/com/CNVZ/FTP/AppTest.class (No such file or directory)
2019-04-01 02:55:13  [ main:10023 ] - [ ERROR ]  java.io.FileNotFoundException: Workspace/FTPFile/target/test-classes/com/CNVZ/FTP/FTPTest.class (No such file or directory)
2019-04-01 02:56:30  [ main:58884 ] - [ ERROR ]  java.io.FileNotFoundException: Workspace/FTPFile/pom.xml (No such file or directory)
2019-04-01 02:58:48  [ main:114261 ] - [ ERROR ]  java.io.FileNotFoundException: Workspace/FTPFile/pom.xml (No such file or directory)
2019-04-01 03:00:56  [ main:7924 ] - [ ERROR ]  java.io.FileNotFoundException: Workspace/FTPFile/pom.xml (No such file or directory)
2019-04-01 03:01:30  [ main:56 ] - [ ERROR ]  java.io.FileNotFoundException: Workspace/FTPFile/pom.xml (No such file or directory)
2019-04-01 03:01:30  [ main:99 ] - [ ERROR ]  java.io.FileNotFoundException: Workspace/FTPFile/src/main/java/com/CNVZ/FTP/App.java (No such file or directory)
2019-04-01 03:01:30  [ main:102 ] - [ ERROR ]  java.io.FileNotFoundException: Workspace/FTPFile/src/main/java/com/CNVZ/FTP/FTP.java (No such file or directory)
2019-04-01 03:01:30  [ main:103 ] - [ ERROR ]  java.io.FileNotFoundException: Workspace/FTPFile/src/main/java/com/CNVZ/FTP/FTPUtil.java (No such file or directory)
2019-04-01 03:01:30  [ main:105 ] - [ ERROR ]  java.io.FileNotFoundException: Workspace/FTPFile/src/main/java/log4j.properties (No such file or directory)
2019-04-01 03:01:30  [ main:134 ] - [ ERROR ]  java.io.FileNotFoundException: Workspace/FTPFile/src/test/java/com/CNVZ/FTP/AppTest.java (No such file or directory)
2019-04-01 03:01:30  [ main:135 ] - [ ERROR ]  java.io.FileNotFoundException: Workspace/FTPFile/src/test/java/com/CNVZ/FTP/FTPTest.java (No such file or directory)
2019-04-01 03:01:31  [ main:154 ] - [ ERROR ]  java.io.FileNotFoundException: Workspace/FTPFile/target/classes/META-INF/MANIFEST.MF (No such file or directory)
2019-04-01 03:01:31  [ main:174 ] - [ ERROR ]  java.io.FileNotFoundException: Workspace/FTPFile/target/classes/META-INF/maven/com.CNVZ.FTP/FTPFile/pom.properties (No such file or directory)
2019-04-01 03:01:31  [ main:175 ] - [ ERROR ]  java.io.FileNotFoundException: Workspace/FTPFile/target/classes/META-INF/maven/com.CNVZ.FTP/FTPFile/pom.xml (No such file or directory)
2019-04-01 03:01:31  [ main:193 ] - [ ERROR ]  java.io.FileNotFoundException: Workspace/FTPFile/target/classes/com/CNVZ/FTP/App.class (No such file or directory)
2019-04-01 03:01:31  [ main:193 ] - [ ERROR ]  java.io.FileNotFoundException: Workspace/FTPFile/target/classes/com/CNVZ/FTP/FTP.class (No such file or directory)
2019-04-01 03:01:31  [ main:194 ] - [ ERROR ]  java.io.FileNotFoundException: Workspace/FTPFile/target/classes/com/CNVZ/FTP/FTPUtil.class (No such file or directory)
2019-04-01 03:01:31  [ main:195 ] - [ ERROR ]  java.io.FileNotFoundException: Workspace/FTPFile/target/classes/log4j.properties (No such file or directory)
2019-04-01 03:01:31  [ main:203 ] - [ ERROR ]  java.io.FileNotFoundException: Workspace/FTPFile/target/test-classes/com/CNVZ/FTP/AppTest.class (No such file or directory)
2019-04-01 03:01:31  [ main:208 ] - [ ERROR ]  java.io.FileNotFoundException: Workspace/FTPFile/target/test-classes/com/CNVZ/FTP/FTPTest.class (No such file or directory)
2019-04-01 03:02:07  [ main:2346 ] - [ ERROR ]  java.io.FileNotFoundException: Workspace/FTPFile/pom.xml (No such file or directory)
2019-04-01 03:02:32  [ main:4077 ] - [ ERROR ]  java.io.FileNotFoundException: Workspace/FTPFile/pom.xml (No such file or directory)
2019-04-01 03:02:42  [ main:13736 ] - [ ERROR ]  java.io.FileNotFoundException: Workspace/FTPFile/src/main/java/com/CNVZ/FTP/App.java (No such file or directory)
2019-04-01 03:02:43  [ main:15163 ] - [ ERROR ]  java.io.FileNotFoundException: Workspace/FTPFile/src/main/java/com/CNVZ/FTP/FTP.java (No such file or directory)
2019-04-01 03:02:45  [ main:16658 ] - [ ERROR ]  java.io.FileNotFoundException: Workspace/FTPFile/src/main/java/com/CNVZ/FTP/FTPUtil.java (No such file or directory)
2019-04-01 03:06:40  [ main:33 ] - [ ERROR ]  java.io.FileNotFoundException: Workspace/FTPFile/pom.xml (No such file or directory)
2019-04-01 03:06:40  [ main:67 ] - [ ERROR ]  java.io.FileNotFoundException: Workspace/FTPFile/src/main/java/com/CNVZ/FTP/App.java (No such file or directory)
2019-04-01 03:06:40  [ main:71 ] - [ ERROR ]  java.io.FileNotFoundException: Workspace/FTPFile/src/main/java/com/CNVZ/FTP/FTP.java (No such file or directory)
2019-04-01 03:06:40  [ main:71 ] - [ ERROR ]  java.io.FileNotFoundException: Workspace/FTPFile/src/main/java/com/CNVZ/FTP/FTPUtil.java (No such file or directory)
2019-04-01 03:06:40  [ main:73 ] - [ ERROR ]  java.io.FileNotFoundException: Workspace/FTPFile/src/main/java/log4j.properties (No such file or directory)
2019-04-01 03:06:40  [ main:89 ] - [ ERROR ]  java.io.FileNotFoundException: Workspace/FTPFile/src/test/java/com/CNVZ/FTP/AppTest.java (No such file or directory)
2019-04-01 03:06:40  [ main:90 ] - [ ERROR ]  java.io.FileNotFoundException: Workspace/FTPFile/src/test/java/com/CNVZ/FTP/FTPTest.java (No such file or directory)
2019-04-01 03:06:40  [ main:101 ] - [ ERROR ]  java.io.FileNotFoundException: Workspace/FTPFile/target/classes/META-INF/MANIFEST.MF (No such file or directory)
2019-04-01 03:06:40  [ main:111 ] - [ ERROR ]  java.io.FileNotFoundException: Workspace/FTPFile/target/classes/META-INF/maven/com.CNVZ.FTP/FTPFile/pom.properties (No such file or directory)
2019-04-01 03:06:40  [ main:111 ] - [ ERROR ]  java.io.FileNotFoundException: Workspace/FTPFile/target/classes/META-INF/maven/com.CNVZ.FTP/FTPFile/pom.xml (No such file or directory)
2019-04-01 03:06:40  [ main:126 ] - [ ERROR ]  java.io.FileNotFoundException: Workspace/FTPFile/target/classes/com/CNVZ/FTP/App.class (No such file or directory)
2019-04-01 03:06:40  [ main:126 ] - [ ERROR ]  java.io.FileNotFoundException: Workspace/FTPFile/target/classes/com/CNVZ/FTP/FTP.class (No such file or directory)
2019-04-01 03:06:40  [ main:127 ] - [ ERROR ]  java.io.FileNotFoundException: Workspace/FTPFile/target/classes/com/CNVZ/FTP/FTPUtil.class (No such file or directory)
2019-04-01 03:06:40  [ main:128 ] - [ ERROR ]  java.io.FileNotFoundException: Workspace/FTPFile/target/classes/log4j.properties (No such file or directory)
2019-04-01 03:06:40  [ main:139 ] - [ ERROR ]  java.io.FileNotFoundException: Workspace/FTPFile/target/test-classes/com/CNVZ/FTP/AppTest.class (No such file or directory)
2019-04-01 03:06:40  [ main:142 ] - [ ERROR ]  java.io.FileNotFoundException: Workspace/FTPFile/target/test-classes/com/CNVZ/FTP/FTPTest.class (No such file or directory)
2019-04-01 03:08:14  [ main:44 ] - [ ERROR ]  java.io.FileNotFoundException: Workspace/FTPFile/pom.xml (No such file or directory)
2019-04-01 03:08:14  [ main:78 ] - [ ERROR ]  java.io.FileNotFoundException: Workspace/FTPFile/src/main/java/com/CNVZ/FTP/App.java (No such file or directory)
2019-04-01 03:08:14  [ main:84 ] - [ ERROR ]  java.io.FileNotFoundException: Workspace/FTPFile/src/main/java/com/CNVZ/FTP/FTP.java (No such file or directory)
2019-04-01 03:08:14  [ main:85 ] - [ ERROR ]  java.io.FileNotFoundException: Workspace/FTPFile/src/main/java/com/CNVZ/FTP/FTPUtil.java (No such file or directory)
2019-04-01 03:08:14  [ main:88 ] - [ ERROR ]  java.io.FileNotFoundException: Workspace/FTPFile/src/main/java/log4j.properties (No such file or directory)
2019-04-01 03:08:14  [ main:104 ] - [ ERROR ]  java.io.FileNotFoundException: Workspace/FTPFile/src/test/java/com/CNVZ/FTP/AppTest.java (No such file or directory)
2019-04-01 03:08:14  [ main:105 ] - [ ERROR ]  java.io.FileNotFoundException: Workspace/FTPFile/src/test/java/com/CNVZ/FTP/FTPTest.java (No such file or directory)
2019-04-01 03:08:14  [ main:116 ] - [ ERROR ]  java.io.FileNotFoundException: Workspace/FTPFile/target/classes/META-INF/MANIFEST.MF (No such file or directory)
2019-04-01 03:08:14  [ main:123 ] - [ ERROR ]  java.io.FileNotFoundException: Workspace/FTPFile/target/classes/META-INF/maven/com.CNVZ.FTP/FTPFile/pom.properties (No such file or directory)
2019-04-01 03:08:14  [ main:123 ] - [ ERROR ]  java.io.FileNotFoundException: Workspace/FTPFile/target/classes/META-INF/maven/com.CNVZ.FTP/FTPFile/pom.xml (No such file or directory)
2019-04-01 03:08:14  [ main:134 ] - [ ERROR ]  java.io.FileNotFoundException: Workspace/FTPFile/target/classes/com/CNVZ/FTP/App.class (No such file or directory)
2019-04-01 03:08:14  [ main:136 ] - [ ERROR ]  java.io.FileNotFoundException: Workspace/FTPFile/target/classes/com/CNVZ/FTP/FTP.class (No such file or directory)
2019-04-01 03:08:14  [ main:137 ] - [ ERROR ]  java.io.FileNotFoundException: Workspace/FTPFile/target/classes/com/CNVZ/FTP/FTPUtil.class (No such file or directory)
2019-04-01 03:08:14  [ main:139 ] - [ ERROR ]  java.io.FileNotFoundException: Workspace/FTPFile/target/classes/log4j.properties (No such file or directory)
2019-04-01 03:08:14  [ main:152 ] - [ ERROR ]  java.io.FileNotFoundException: Workspace/FTPFile/target/test-classes/com/CNVZ/FTP/AppTest.class (No such file or directory)
2019-04-01 03:08:14  [ main:158 ] - [ ERROR ]  java.io.FileNotFoundException: Workspace/FTPFile/target/test-classes/com/CNVZ/FTP/FTPTest.class (No such file or directory)
2019-04-01 03:11:41  [ main:27 ] - [ ERROR ]  java.io.FileNotFoundException: Workspace/FTPFile/pom.xml (No such file or directory)
2019-04-01 03:11:41  [ main:48 ] - [ ERROR ]  java.io.FileNotFoundException: Workspace/FTPFile/src/main/java/com/CNVZ/FTP/App.java (No such file or directory)
2019-04-01 03:11:41  [ main:55 ] - [ ERROR ]  java.io.FileNotFoundException: Workspace/FTPFile/src/main/java/com/CNVZ/FTP/FTP.java (No such file or directory)
2019-04-01 03:11:41  [ main:56 ] - [ ERROR ]  java.io.FileNotFoundException: Workspace/FTPFile/src/main/java/com/CNVZ/FTP/FTPUtil.java (No such file or directory)
2019-04-01 03:11:41  [ main:58 ] - [ ERROR ]  java.io.FileNotFoundException: Workspace/FTPFile/src/main/java/log4j.properties (No such file or directory)
2019-04-01 03:11:41  [ main:88 ] - [ ERROR ]  java.io.FileNotFoundException: Workspace/FTPFile/src/test/java/com/CNVZ/FTP/AppTest.java (No such file or directory)
2019-04-01 03:11:41  [ main:89 ] - [ ERROR ]  java.io.FileNotFoundException: Workspace/FTPFile/src/test/java/com/CNVZ/FTP/FTPTest.java (No such file or directory)
2019-04-01 03:11:41  [ main:110 ] - [ ERROR ]  java.io.FileNotFoundException: Workspace/FTPFile/target/classes/META-INF/MANIFEST.MF (No such file or directory)
2019-04-01 03:11:41  [ main:128 ] - [ ERROR ]  java.io.FileNotFoundException: Workspace/FTPFile/target/classes/META-INF/maven/com.CNVZ.FTP/FTPFile/pom.properties (No such file or directory)
2019-04-01 03:11:41  [ main:130 ] - [ ERROR ]  java.io.FileNotFoundException: Workspace/FTPFile/target/classes/META-INF/maven/com.CNVZ.FTP/FTPFile/pom.xml (No such file or directory)
2019-04-01 03:11:41  [ main:144 ] - [ ERROR ]  java.io.FileNotFoundException: Workspace/FTPFile/target/classes/com/CNVZ/FTP/App.class (No such file or directory)
2019-04-01 03:11:41  [ main:146 ] - [ ERROR ]  java.io.FileNotFoundException: Workspace/FTPFile/target/classes/com/CNVZ/FTP/FTP.class (No such file or directory)
2019-04-01 03:11:41  [ main:157 ] - [ ERROR ]  java.io.FileNotFoundException: Workspace/FTPFile/target/classes/com/CNVZ/FTP/FTPUtil.class (No such file or directory)
2019-04-01 03:11:41  [ main:159 ] - [ ERROR ]  java.io.FileNotFoundException: Workspace/FTPFile/target/classes/log4j.properties (No such file or directory)
2019-04-01 03:11:41  [ main:176 ] - [ ERROR ]  java.io.FileNotFoundException: Workspace/FTPFile/target/test-classes/com/CNVZ/FTP/AppTest.class (No such file or directory)
2019-04-01 03:11:41  [ main:179 ] - [ ERROR ]  java.io.FileNotFoundException: Workspace/FTPFile/target/test-classes/com/CNVZ/FTP/FTPTest.class (No such file or directory)
